{
  "RSpec": {
    "coverage": {
      "/Users/rene/Projects/issue_tracker/app/models/user.rb": [
        1,
        1,
        1,
        1,
        1,
        null
      ],
      "/Users/rene/Projects/issue_tracker/app/models/application_record.rb": [
        null,
        null,
        1,
        1,
        null
      ],
      "/Users/rene/Projects/issue_tracker/app/controllers/api/v1/user_token_controller.rb": [
        1,
        1,
        1,
        1,
        null,
        null,
        null
      ],
      "/Users/rene/Projects/issue_tracker/app/controllers/api/v1/issues_controller.rb": [
        1,
        1,
        1,
        null,
        1,
        null,
        null,
        null,
        null,
        null
      ],
      "/Users/rene/Projects/issue_tracker/app/controllers/api/v1/base_controller.rb": [
        1,
        1,
        1,
        1,
        1,
        null,
        null,
        null
      ],
      "/Users/rene/Projects/issue_tracker/app/controllers/application_controller.rb": [
        null,
        null,
        1,
        null
      ],
      "/Users/rene/Projects/issue_tracker/app/models/issue.rb": [
        0,
        0,
        0,
        null,
        0,
        0,
        0,
        0
      ],
      "/Users/rene/Projects/issue_tracker/app/models/ability.rb": [
        0,
        0,
        null,
        0,
        null,
        null,
        null,
        null,
        null,
        null,
        null,
        null,
        null,
        null,
        null,
        null,
        null,
        null,
        null,
        null,
        null,
        null,
        null,
        null,
        null,
        null,
        null,
        null,
        null,
        null,
        0,
        0
      ]
    },
    "timestamp": 1537273241
  }
}
